
[    53.328] Markers: (--) probed, Warning: from config file, (==) default setting,
[    53.336] Warning: |-->Screen "Default Screen Section" (0)
[    53.336] Warning: |   |-->Monitor "<default monitor>"
[    54.834] Warning: Power Button: Applying InputClass "evdev keyboard catchall"
[    54.834] Warning: Power Button: Applying InputClass "libinput keyboard catchall"
[    54.853] Warning: Power Button: always reports core events
[    54.853] Warning: Option "Device" "/dev/input/event0"
[    54.853] Warning: Option "_source" "server/udev"
[    54.870] Warning: Option "config_info" "udev:/sys/devices/LNXSYSTM:00/LNXPWRBN:00/input/input0/event0"
[    54.872] Warning: Sleep Button: Applying InputClass "evdev keyboard catchall"
[    54.872] Warning: Sleep Button: Applying InputClass "libinput keyboard catchall"
[    54.872] Warning: Sleep Button: always reports core events
[    54.872] Warning: Option "Device" "/dev/input/event1"
[    54.872] Warning: Option "_source" "server/udev"
[    54.873] Warning: Option "config_info" "udev:/sys/devices/LNXSYSTM:00/LNXSLPBN:00/input/input1/event1"
[    54.874] Warning: Video Bus: Applying InputClass "evdev keyboard catchall"
[    54.874] Warning: Video Bus: Applying InputClass "libinput keyboard catchall"
[    54.874] Warning: Video Bus: always reports core events
[    54.874] Warning: Option "Device" "/dev/input/event4"
[    54.874] Warning: Option "_source" "server/udev"
[    54.875] Warning: Option "config_info" "udev:/sys/devices/LNXSYSTM:00/LNXSYBUS:00/PNP0A03:00/LNXVIDEO:00/input/input5/event4"
[    54.878] Warning: AT Translated Set 2 keyboard: Applying InputClass "evdev keyboard catchall"
[    54.878] Warning: AT Translated Set 2 keyboard: Applying InputClass "libinput keyboard catchall"
[    54.878] Warning: AT Translated Set 2 keyboard: always reports core events
[    54.878] Warning: Option "Device" "/dev/input/event2"
[    54.878] Warning: Option "_source" "server/udev"
[    54.879] Warning: Option "config_info" "udev:/sys/devices/platform/i8042/serio0/input/input2/event2"
[    54.881] Warning: ImExPS/2 Generic Explorer Mouse: Applying InputClass "evdev pointer catchall"
[    54.881] Warning: ImExPS/2 Generic Explorer Mouse: Applying InputClass "libinput pointer catchall"
[    54.881] Warning: ImExPS/2 Generic Explorer Mouse: always reports core events
[    54.881] Warning: Option "Device" "/dev/input/event3"
[    54.881] Warning: Option "_source" "server/udev"
[    54.881] Warning: Option "config_info" "udev:/sys/devices/platform/i8042/serio1/input/input4/event3"
[    54.881] Warning: Option "AccelerationScheme" "none"
[    54.881] Warning: ImExPS/2 Generic Explorer Mouse: (accel) selected scheme none/0
[    54.881] Warning: ImExPS/2 Generic Explorer Mouse: (accel) acceleration factor: 2.000
[    54.881] Warning: ImExPS/2 Generic Explorer Mouse: (accel) acceleration threshold: 4
	(++) from command line, (!!) notice, Information: informational,
[    53.341] Information: The server relies on udev to provide the list of input devices.
[    53.341] Information: Loader magic: 0x5617ea10e020
[    53.341] Information: Module ABI versions:
[    53.342] Information: systemd-logind: logind integration requires -keeptty and -keeptty was not provided, disabling logind integration
[    53.343] Information: xfree86: Adding drm device (/dev/dri/card0)
[    53.343] Information: Platform probe for /sys/devices/pci0000:00/0000:00:02.0/drm/card0
[    53.346] Information: LoadModule: "glx"
[    53.348] Information: Loading /usr/lib64/xorg/modules/extensions/libglx.so
[    53.376] Information: Module glx: vendor="X.Org Foundation"
[    53.376] Information: LoadModule: "vmware"
[    53.376] Information: Loading /usr/lib64/xorg/modules/drivers/vmware_drv.so
[    54.401] Information: Module vmware: vendor="X.Org Foundation"
[    54.401] Information: LoadModule: "modesetting"
[    54.401] Information: Loading /usr/lib64/xorg/modules/drivers/modesetting_drv.so
[    54.411] Information: Module modesetting: vendor="X.Org Foundation"
[    54.411] Information: LoadModule: "fbdev"
[    54.411] Information: Loading /usr/lib64/xorg/modules/drivers/fbdev_drv.so
[    54.414] Information: Module fbdev: vendor="X.Org Foundation"
[    54.414] Information: LoadModule: "vesa"
[    54.414] Information: Loading /usr/lib64/xorg/modules/drivers/vesa_drv.so
[    54.414] Information: Module vesa: vendor="X.Org Foundation"
[    54.414] Information: vmware: driver for VMware SVGA: vmware0405, vmware0710
[    54.414] Information: modesetting: Driver for Modesetting Kernel Drivers: kms
[    54.414] Information: FBDEV: driver for framebuffer: fbdev
[    54.415] Information: VESA: driver for VESA chipsets: vesa
[    54.415] Information: Loading sub module "fbdevhw"
[    54.415] Information: LoadModule: "fbdevhw"
[    54.415] Information: Loading /usr/lib64/xorg/modules/libfbdevhw.so
[    54.425] Information: Module fbdevhw: vendor="X.Org Foundation"
[    54.425] Information: vmware(0): Creating default Display subsection in Screen section
[    54.429] Information: vmware(0): Output Virtual1 has no monitor section
[    54.430] Information: vmware(0): Output Virtual2 has no monitor section
[    54.430] Information: vmware(0): Output Virtual3 has no monitor section
[    54.430] Information: vmware(0): Output Virtual4 has no monitor section
[    54.430] Information: vmware(0): Output Virtual5 has no monitor section
[    54.430] Information: vmware(0): Output Virtual6 has no monitor section
[    54.430] Information: vmware(0): Output Virtual7 has no monitor section
[    54.430] Information: vmware(0): Output Virtual8 has no monitor section
[    54.430] Information: vmware(0): Printing probed modes for output Virtual1
[    54.430] Information: vmware(0): Modeline "800x600"x60.0   42.75  800 850 900 950  600 650 700 750 -hsync +vsync (45.0 kHz eP)
[    54.430] Information: vmware(0): Modeline "2560x1600"x60.0  348.50  2560 2752 3032 3504  1600 1603 1609 1658 -hsync +vsync (99.5 kHz e)
[    54.430] Information: vmware(0): Modeline "1920x1440"x60.0  234.00  1920 2048 2256 2600  1440 1441 1444 1500 -hsync +vsync (90.0 kHz e)
[    54.430] Information: vmware(0): Modeline "1856x1392"x60.0  218.25  1856 1952 2176 2528  1392 1393 1396 1439 -hsync +vsync (86.3 kHz e)
[    54.430] Information: vmware(0): Modeline "1792x1344"x60.0  204.75  1792 1920 2120 2448  1344 1345 1348 1394 -hsync +vsync (83.6 kHz e)
[    54.430] Information: vmware(0): Modeline "1920x1200"x59.9  193.25  1920 2056 2256 2592  1200 1203 1209 1245 -hsync +vsync (74.6 kHz e)
[    54.430] Information: vmware(0): Modeline "1600x1200"x60.0  162.00  1600 1664 1856 2160  1200 1201 1204 1250 +hsync +vsync (75.0 kHz e)
[    54.430] Information: vmware(0): Modeline "1680x1050"x60.0  146.25  1680 1784 1960 2240  1050 1053 1059 1089 -hsync +vsync (65.3 kHz e)
[    54.430] Information: vmware(0): Modeline "1400x1050"x60.0  121.75  1400 1488 1632 1864  1050 1053 1057 1089 -hsync +vsync (65.3 kHz e)
[    54.430] Information: vmware(0): Modeline "1280x1024"x60.0  108.00  1280 1328 1440 1688  1024 1025 1028 1066 +hsync +vsync (64.0 kHz e)
[    54.430] Information: vmware(0): Modeline "1440x900"x59.9  106.50  1440 1520 1672 1904  900 903 909 934 -hsync +vsync (55.9 kHz e)
[    54.430] Information: vmware(0): Modeline "1280x960"x60.0  108.00  1280 1376 1488 1800  960 961 964 1000 +hsync +vsync (60.0 kHz e)
[    54.430] Information: vmware(0): Modeline "1360x768"x60.0   85.50  1360 1424 1536 1792  768 771 777 795 +hsync +vsync (47.7 kHz e)
[    54.430] Information: vmware(0): Modeline "1280x800"x59.8   83.50  1280 1352 1480 1680  800 803 809 831 +hsync -vsync (49.7 kHz e)
[    54.430] Information: vmware(0): Modeline "1152x864"x75.0  108.00  1152 1216 1344 1600  864 865 868 900 +hsync +vsync (67.5 kHz e)
[    54.430] Information: vmware(0): Modeline "1280x768"x59.9   79.50  1280 1344 1472 1664  768 771 778 798 -hsync +vsync (47.8 kHz e)
[    54.430] Information: vmware(0): Modeline "1024x768"x60.0   65.00  1024 1048 1184 1344  768 771 777 806 -hsync -vsync (48.4 kHz e)
[    54.430] Information: vmware(0): Modeline "800x600"x60.3   40.00  800 840 968 1056  600 601 605 628 +hsync +vsync (37.9 kHz e)
[    54.430] Information: vmware(0): Modeline "640x480"x59.9   25.18  640 656 752 800  480 489 492 525 -hsync -vsync (31.5 kHz e)
[    54.430] Information: vmware(0): EDID for output Virtual2
[    54.430] Information: vmware(0): EDID for output Virtual3
[    54.430] Information: vmware(0): EDID for output Virtual4
[    54.430] Information: vmware(0): EDID for output Virtual5
[    54.430] Information: vmware(0): EDID for output Virtual6
[    54.430] Information: vmware(0): EDID for output Virtual7
[    54.430] Information: vmware(0): EDID for output Virtual8
[    54.430] Information: vmware(0): Output Virtual1 connected
[    54.430] Information: vmware(0): Output Virtual2 disconnected
[    54.430] Information: vmware(0): Output Virtual3 disconnected
[    54.430] Information: vmware(0): Output Virtual4 disconnected
[    54.430] Information: vmware(0): Output Virtual5 disconnected
[    54.430] Information: vmware(0): Output Virtual6 disconnected
[    54.430] Information: vmware(0): Output Virtual7 disconnected
[    54.430] Information: vmware(0): Output Virtual8 disconnected
[    54.430] Information: vmware(0): Using exact sizes for initial modes
[    54.430] Information: vmware(0): Output Virtual1 using initial mode 800x600 +0+0
[    54.430] Information: Loading sub module "fb"
[    54.430] Information: LoadModule: "fb"
[    54.430] Information: Loading /usr/lib64/xorg/modules/libfb.so
[    54.431] Information: Module fb: vendor="X.Org Foundation"
[    54.431] Information: Loading sub module "dri2"
[    54.431] Information: LoadModule: "dri2"
[    54.431] Information: Module "dri2" already built-in
[    54.431] Information: UnloadModule: "modesetting"
[    54.431] Information: Unloading modesetting
[    54.431] Information: UnloadModule: "fbdev"
[    54.431] Information: Unloading fbdev
[    54.431] Information: UnloadSubModule: "fbdevhw"
[    54.431] Information: Unloading fbdevhw
[    54.431] Information: UnloadModule: "vesa"
[    54.431] Information: Unloading vesa
[    54.440] Information: vmware(0): Initialized VMWARE_CTRL extension version 0.2
[    54.478] Information: vmware(0): No 3D acceleration. Not setting up textured video.
[    54.478] Information: Initializing extension Generic Event Extension
[    54.478] Information: Initializing extension SHAPE
[    54.478] Information: Initializing extension MIT-SHM
[    54.478] Information: Initializing extension XInputExtension
[    54.478] Information: Initializing extension XTEST
[    54.478] Information: Initializing extension BIG-REQUESTS
[    54.478] Information: Initializing extension SYNC
[    54.479] Information: Initializing extension XKEYBOARD
[    54.479] Information: Initializing extension XC-MISC
[    54.479] Information: Initializing extension XFIXES
[    54.479] Information: Initializing extension RENDER
[    54.479] Information: Initializing extension RANDR
[    54.479] Information: Initializing extension COMPOSITE
[    54.479] Information: Initializing extension DAMAGE
[    54.479] Information: Initializing extension MIT-SCREEN-SAVER
[    54.479] Information: Initializing extension DOUBLE-BUFFER
[    54.479] Information: Initializing extension RECORD
[    54.479] Information: Initializing extension DPMS
[    54.479] Information: Initializing extension Present
[    54.479] Information: Initializing extension DRI3
[    54.479] Information: Initializing extension X-Resource
[    54.479] Information: Initializing extension XVideo
[    54.479] Information: Initializing extension XVideo-MotionCompensation
[    54.479] Information: Initializing extension SELinux
[    54.479] Information: SELinux: Disabled by boolean
[    54.479] Information: Initializing extension GLX
[    54.479] Information: AIGLX: Screen 0 is not DRI2 capable
[    54.725] Information: IGLX: Loaded and initialized swrast
[    54.725] Information: GLX: Initialized DRISWRAST GL provider for screen 0
[    54.725] Information: Initializing extension XFree86-VidModeExtension
[    54.725] Information: Initializing extension XFree86-DGA
[    54.725] Information: Initializing extension XFree86-DRI
[    54.725] Information: Initializing extension DRI2
[    54.727] Information: vmware(0): Setting screen physical size to 211 x 158
[    54.834] Information: config/udev: Adding input device Power Button (/dev/input/event0)
[    54.834] Information: LoadModule: "libinput"
[    54.834] Information: Loading /usr/lib64/xorg/modules/input/libinput_drv.so
[    54.853] Information: Module libinput: vendor="X.Org Foundation"
[    54.853] Information: Using input driver 'libinput' for 'Power Button'
[    54.870] Information: event0  - Power Button: is tagged by udev as: Keyboard
[    54.870] Information: event0  - Power Button: device is a keyboard
[    54.870] Information: event0  - Power Button: device removed
[    54.870] Information: XINPUT: Adding extended input device "Power Button" (type: KEYBOARD, id 6)
[    54.871] Information: event0  - Power Button: is tagged by udev as: Keyboard
[    54.871] Information: event0  - Power Button: device is a keyboard
[    54.872] Information: config/udev: Adding input device Sleep Button (/dev/input/event1)
[    54.872] Information: Using input driver 'libinput' for 'Sleep Button'
[    54.872] Information: event1  - Sleep Button: is tagged by udev as: Keyboard
[    54.872] Information: event1  - Sleep Button: device is a keyboard
[    54.872] Information: event1  - Sleep Button: device removed
[    54.873] Information: XINPUT: Adding extended input device "Sleep Button" (type: KEYBOARD, id 7)
[    54.873] Information: event1  - Sleep Button: is tagged by udev as: Keyboard
[    54.873] Information: event1  - Sleep Button: device is a keyboard
[    54.874] Information: config/udev: Adding input device Video Bus (/dev/input/event4)
[    54.874] Information: Using input driver 'libinput' for 'Video Bus'
[    54.875] Information: event4  - Video Bus: is tagged by udev as: Keyboard
[    54.875] Information: event4  - Video Bus: device is a keyboard
[    54.875] Information: event4  - Video Bus: device removed
[    54.875] Information: XINPUT: Adding extended input device "Video Bus" (type: KEYBOARD, id 8)
[    54.877] Information: event4  - Video Bus: is tagged by udev as: Keyboard
[    54.877] Information: event4  - Video Bus: device is a keyboard
[    54.878] Information: config/udev: Adding input device AT Translated Set 2 keyboard (/dev/input/event2)
[    54.878] Information: Using input driver 'libinput' for 'AT Translated Set 2 keyboard'
[    54.879] Information: event2  - AT Translated Set 2 keyboard: is tagged by udev as: Keyboard
[    54.879] Information: event2  - AT Translated Set 2 keyboard: device is a keyboard
[    54.879] Information: event2  - AT Translated Set 2 keyboard: device removed
[    54.879] Information: XINPUT: Adding extended input device "AT Translated Set 2 keyboard" (type: KEYBOARD, id 9)
[    54.880] Information: event2  - AT Translated Set 2 keyboard: is tagged by udev as: Keyboard
[    54.880] Information: event2  - AT Translated Set 2 keyboard: device is a keyboard
[    54.881] Information: config/udev: Adding input device ImExPS/2 Generic Explorer Mouse (/dev/input/event3)
[    54.881] Information: Using input driver 'libinput' for 'ImExPS/2 Generic Explorer Mouse'
[    54.881] Information: event3  - ImExPS/2 Generic Explorer Mouse: is tagged by udev as: Mouse
[    54.881] Information: event3  - ImExPS/2 Generic Explorer Mouse: device is a pointer
[    54.881] Information: event3  - ImExPS/2 Generic Explorer Mouse: device removed
[    54.881] Information: XINPUT: Adding extended input device "ImExPS/2 Generic Explorer Mouse" (type: MOUSE, id 10)
[    54.883] Information: event3  - ImExPS/2 Generic Explorer Mouse: is tagged by udev as: Mouse
[    54.883] Information: event3  - ImExPS/2 Generic Explorer Mouse: device is a pointer
[    54.884] Information: config/udev: Adding input device ImExPS/2 Generic Explorer Mouse (/dev/input/mouse0)
[    54.884] Information: No input driver specified, ignoring this device.
[    54.884] Information: This device may have been added with another device file.
[    54.884] Information: config/udev: Adding input device PC Speaker (/dev/input/event5)
[    54.884] Information: No input driver specified, ignoring this device.
[    54.884] Information: This device may have been added with another device file.
